d:\gitdesktop\projects\data structures\data_structure_ga_2402\project1\x64\debug\vc143.pdb
d:\gitdesktop\projects\data structures\data_structure_ga_2402\project1\x64\debug\vc143.idb
d:\gitdesktop\projects\data structures\data_structure_ga_2402\project1\x64\debug\main.obj
d:\gitdesktop\projects\data structures\data_structure_ga_2402\project1\x64\debug\linkedlist.obj
d:\gitdesktop\projects\data structures\data_structure_ga_2402\project1\x64\debug\linearsearch.obj
d:\gitdesktop\projects\data structures\data_structure_ga_2402\project1\x64\debug\filehandler.obj
d:\gitdesktop\projects\data structures\data_structure_ga_2402\project1\x64\debug\project1.ilk
d:\gitdesktop\projects\data structures\data_structure_ga_2402\project1\x64\debug\quicksort.obj
d:\gitdesktop\projects\data structures\data_structure_ga_2402\x64\debug\project1.pdb
d:\gitdesktop\projects\data structures\data_structure_ga_2402\project1\x64\debug\project1.tlog\cl.command.1.tlog
d:\gitdesktop\projects\data structures\data_structure_ga_2402\project1\x64\debug\project1.tlog\cl.items.tlog
d:\gitdesktop\projects\data structures\data_structure_ga_2402\project1\x64\debug\project1.tlog\cl.read.1.tlog
d:\gitdesktop\projects\data structures\data_structure_ga_2402\project1\x64\debug\project1.tlog\cl.write.1.tlog
d:\gitdesktop\projects\data structures\data_structure_ga_2402\project1\x64\debug\project1.tlog\link-cvtres.read.1.tlog
d:\gitdesktop\projects\data structures\data_structure_ga_2402\project1\x64\debug\project1.tlog\link-cvtres.write.1.tlog
d:\gitdesktop\projects\data structures\data_structure_ga_2402\project1\x64\debug\project1.tlog\link-rc.read.1.tlog
d:\gitdesktop\projects\data structures\data_structure_ga_2402\project1\x64\debug\project1.tlog\link-rc.write.1.tlog
d:\gitdesktop\projects\data structures\data_structure_ga_2402\project1\x64\debug\project1.tlog\link.26320-cvtres.read.1.tlog
d:\gitdesktop\projects\data structures\data_structure_ga_2402\project1\x64\debug\project1.tlog\link.26320-cvtres.write.1.tlog
d:\gitdesktop\projects\data structures\data_structure_ga_2402\project1\x64\debug\project1.tlog\link.26320-rc.read.1.tlog
d:\gitdesktop\projects\data structures\data_structure_ga_2402\project1\x64\debug\project1.tlog\link.26320-rc.write.1.tlog
d:\gitdesktop\projects\data structures\data_structure_ga_2402\project1\x64\debug\project1.tlog\link.26320.read.1.tlog
d:\gitdesktop\projects\data structures\data_structure_ga_2402\project1\x64\debug\project1.tlog\link.26320.read.2.tlog
d:\gitdesktop\projects\data structures\data_structure_ga_2402\project1\x64\debug\project1.tlog\link.26320.write.1.tlog
d:\gitdesktop\projects\data structures\data_structure_ga_2402\project1\x64\debug\project1.tlog\link.command.1.tlog
d:\gitdesktop\projects\data structures\data_structure_ga_2402\project1\x64\debug\project1.tlog\link.read.1.tlog
d:\gitdesktop\projects\data structures\data_structure_ga_2402\project1\x64\debug\project1.tlog\link.read.2.tlog
d:\gitdesktop\projects\data structures\data_structure_ga_2402\project1\x64\debug\project1.tlog\link.secondary.1.tlog
d:\gitdesktop\projects\data structures\data_structure_ga_2402\project1\x64\debug\project1.tlog\link.write.1.tlog
